<?xml version="1.0" encoding="UTF-8"?>
<!-- Generated by org.testng.reporters.JUnitReportReporter -->
<testsuite hostname="Pc" failures="0" tests="2" name="com.rest.testing.StudentApiAutomation" time="4.909" errors="0" timestamp="2022-05-04T22:16:51 IST" skipped="0">
  <testcase classname="com.rest.testing.StudentApiAutomation" name="validateErrorIfEmailExists" time="0.398"/>
  <system-out/>
  <testcase classname="com.rest.testing.StudentApiAutomation" name="createStudentDetailsTest" time="4.511"/>
  <system-out/>
</testsuite> <!-- com.rest.testing.StudentApiAutomation -->
